<?xml version="1.0" encoding="utf-8"?>
<dictionary>
  <item>
    <key>
      <string>Korean Language_Korean_English.xml</string>
    </key>
    <value>
      <dateTime>2014-07-31T21:53:14.0529056Z</dateTime>
    </value>
  </item>
  <item>
    <key>
      <string>Misc_Ham_Boom.xml</string>
    </key>
    <value>
      <dateTime>2014-07-28T14:10:34.1878291Z</dateTime>
    </value>
  </item>
  <item>
    <key>
      <string>Misc_BoomHam_Gee.xml</string>
    </key>
    <value>
      <dateTime>2014-07-28T14:15:05.082728Z</dateTime>
    </value>
  </item>
  <item>
    <key>
      <string>Complexity_Term_Definition.xml</string>
    </key>
    <value>
      <dateTime>2014-10-20T01:58:22.3215435Z</dateTime>
    </value>
  </item>
  <item>
    <key>
      <string>Computer Animation_Term_Definition.xml</string>
    </key>
    <value>
      <dateTime>2014-09-10T01:15:28.5787322Z</dateTime>
    </value>
  </item>
  <item>
    <key>
      <string>Computer Graphics_Term_Definition.xml</string>
    </key>
    <value>
      <dateTime>2014-10-06T02:37:15.5812465Z</dateTime>
    </value>
  </item>
  <item>
    <key>
      <string>a_b_c.xml</string>
    </key>
    <value>
      <dateTime>2014-09-10T02:54:37.7943644Z</dateTime>
    </value>
  </item>
</dictionary>