<?xml version="1.0" encoding="utf-8"?>
<dictionary>
  <item>
    <key>
      <string>Korean Language_Korean_English.xml</string>
    </key>
    <value>
      <dateTime>2014-07-31T13:05:45.6386859Z</dateTime>
    </value>
  </item>
  <item>
    <key>
      <string>Misc_Ham_Boom.xml</string>
    </key>
    <value>
      <dateTime>2014-07-28T14:10:34.1878291Z</dateTime>
    </value>
  </item>
  <item>
    <key>
      <string>Misc_BoomHam_Gee.xml</string>
    </key>
    <value>
      <dateTime>2014-07-28T14:15:05.082728Z</dateTime>
    </value>
  </item>
</dictionary>